<?xml version="1.0" encoding="UTF-8" ?>
<testsuite tests="1" failures="0" name="isse.refactoring.GreeterTest" time="0.319" errors="1" skipped="0">
  <properties>
[...]
</properties>
  <testcase classname="isse.refactoring.GreeterTest" name="isse.refactoring.GreeterTest" time="0.319">
    <error type="java.lang.ExceptionInInitializerError">java.lang.ExceptionInInitializerError
	at org.mockito.internal.exceptions.stacktrace.ConditionalStackTraceFilter.&lt;init&gt;(ConditionalStackTraceFilter.java:17)
	at org.mockito.exceptions.base.MockitoException.filterStackTrace(MockitoException.java:41)
	at org.mockito.exceptions.base.MockitoException.&lt;init&gt;(MockitoException.java:30)
	at org.mockito.internal.configuration.plugins.PluginLoader.loadPlugin(PluginLoader.java:35)
	at org.mockito.internal.configuration.plugins.PluginRegistry.&lt;init&gt;(PluginRegistry.java:13)
	at org.mockito.internal.configuration.plugins.Plugins.&lt;clinit&gt;(Plugins.java:12)
	at org.mockito.internal.util.MockUtil.&lt;clinit&gt;(MockUtil.java:23)
	at org.mockito.internal.MockitoCore.&lt;init&gt;(MockitoCore.java:40)
	at org.mockito.Mockito.&lt;clinit&gt;(Mockito.java:1103)
	at java.base/java.lang.Class.forName0(Native Method)
	at java.base/java.lang.Class.forName(Class.java:375)
	at com.fitbur.testify.unit.UnitTestVerifier.lambda$dependency$5(UnitTestVerifier.java:60)
	at java.base/java.util.stream.ForEachOps$ForEachOp$OfRef.accept(ForEachOps.java:183)
	at java.base/java.util.HashMap$EntrySpliterator.forEachRemaining(HashMap.java:1850)
	at java.base/java.util.stream.AbstractPipeline.copyInto(AbstractPipeline.java:509)
	at java.base/java.util.stream.ForEachOps$ForEachTask.compute(ForEachOps.java:290)
	at java.base/java.util.concurrent.CountedCompleter.exec(CountedCompleter.java:754)
	at java.base/java.util.concurrent.ForkJoinTask.doExec(ForkJoinTask.java:373)
	at java.base/java.util.concurrent.ForkJoinTask.invoke(ForkJoinTask.java:686)
	at java.base/java.util.stream.ForEachOps$ForEachOp.evaluateParallel(ForEachOps.java:159)
	at java.base/java.util.stream.ForEachOps$ForEachOp$OfRef.evaluateParallel(ForEachOps.java:173)
	at java.base/java.util.stream.AbstractPipeline.evaluate(AbstractPipeline.java:233)
	at java.base/java.util.stream.ReferencePipeline.forEach(ReferencePipeline.java:596)
	at java.base/java.util.stream.ReferencePipeline$Head.forEach(ReferencePipeline.java:765)
	at com.fitbur.testify.unit.UnitTestVerifier.dependency(UnitTestVerifier.java:58)
	at com.fitbur.testify.junit.UnitTest.classBlock(UnitTest.java:141)
	at com.fitbur.testify.junit.UnitTest.run(UnitTest.java:111)
	at org.apache.maven.surefire.junit4.JUnit4Provider.execute(JUnit4Provider.java:252)
	at org.apache.maven.surefire.junit4.JUnit4Provider.executeTestSet(JUnit4Provider.java:141)
	at org.apache.maven.surefire.junit4.JUnit4Provider.invoke(JUnit4Provider.java:112)
	at java.base/jdk.internal.reflect.NativeMethodAccessorImpl.invoke0(Native Method)
	at java.base/jdk.internal.reflect.NativeMethodAccessorImpl.invoke(NativeMethodAccessorImpl.java:77)
	at java.base/jdk.internal.reflect.DelegatingMethodAccessorImpl.invoke(DelegatingMethodAccessorImpl.java:43)
	at java.base/java.lang.reflect.Method.invoke(Method.java:568)
	at org.apache.maven.surefire.util.ReflectionUtils.invokeMethodWithArray(ReflectionUtils.java:189)
	at org.apache.maven.surefire.booter.ProviderFactory$ProviderProxy.invoke(ProviderFactory.java:165)
	at org.apache.maven.surefire.booter.ProviderFactory.invokeProvider(ProviderFactory.java:85)
	at org.apache.maven.surefire.booter.ForkedBooter.runSuitesInProcess(ForkedBooter.java:115)
	at org.apache.maven.surefire.booter.ForkedBooter.main(ForkedBooter.java:75)
Caused by: java.lang.NullPointerException: Cannot invoke &quot;org.mockito.internal.configuration.plugins.PluginRegistry.getStackTraceCleanerProvider()&quot; because &quot;org.mockito.internal.configuration.plugins.Plugins.registry&quot; is null
	at org.mockito.internal.configuration.plugins.Plugins.getStackTraceCleanerProvider(Plugins.java:18)
	at org.mockito.internal.exceptions.stacktrace.StackTraceFilter.&lt;clinit&gt;(StackTraceFilter.java:21)
	... 39 more
</error>
  </testcase>
</testsuite>